CRITICAL - 2022-09-12 15:43:24 --> The framework needs the following extension(s) installed and loaded: intl.
in SYSTEMPATH\CodeIgniter.php on line 219.
 1 SYSTEMPATH\CodeIgniter.php(219): CodeIgniter\Exceptions\FrameworkException::forMissingExtension('intl')
 2 SYSTEMPATH\CodeIgniter.php(177): CodeIgniter\CodeIgniter->resolvePlatformExtensions()
 3 ROOTPATH\spark(83): CodeIgniter\CodeIgniter->initialize()
CRITICAL - 2022-09-12 15:43:28 --> The framework needs the following extension(s) installed and loaded: intl.
in SYSTEMPATH\CodeIgniter.php on line 219.
 1 SYSTEMPATH\CodeIgniter.php(219): CodeIgniter\Exceptions\FrameworkException::forMissingExtension('intl')
 2 SYSTEMPATH\CodeIgniter.php(177): CodeIgniter\CodeIgniter->resolvePlatformExtensions()
 3 ROOTPATH\spark(83): CodeIgniter\CodeIgniter->initialize()
CRITICAL - 2022-09-12 08:48:57 --> Call to a member function get() on null
in ROOTPATH\Modules\Admin\Config\Routes.php on line 4.
 1 APPPATH\Config\Routes.php(70): require()
 2 SYSTEMPATH\CodeIgniter.php(769): require('APPPATH\\Config\\Routes.php')
 3 SYSTEMPATH\CodeIgniter.php(406): CodeIgniter\CodeIgniter->tryToRouteIt(null)
 4 SYSTEMPATH\CodeIgniter.php(340): CodeIgniter\CodeIgniter->handleRequest(null, Object(Config\Cache), false)
 5 FCPATH\index.php(67): CodeIgniter\CodeIgniter->run()
 6 SYSTEMPATH\Commands\Server\rewrite.php(43): require_once('FCPATH\\index.php')
CRITICAL - 2022-09-12 08:48:58 --> Call to a member function get() on null
in ROOTPATH\Modules\Admin\Config\Routes.php on line 4.
 1 APPPATH\Config\Routes.php(70): require()
 2 SYSTEMPATH\CodeIgniter.php(769): require('APPPATH\\Config\\Routes.php')
 3 SYSTEMPATH\CodeIgniter.php(406): CodeIgniter\CodeIgniter->tryToRouteIt(null)
 4 SYSTEMPATH\CodeIgniter.php(340): CodeIgniter\CodeIgniter->handleRequest(null, Object(Config\Cache), false)
 5 FCPATH\index.php(67): CodeIgniter\CodeIgniter->run()
 6 SYSTEMPATH\Commands\Server\rewrite.php(43): require_once('FCPATH\\index.php')
CRITICAL - 2022-09-12 08:48:58 --> Call to a member function get() on null
in ROOTPATH\Modules\Admin\Config\Routes.php on line 4.
 1 APPPATH\Config\Routes.php(70): require()
 2 SYSTEMPATH\CodeIgniter.php(769): require('APPPATH\\Config\\Routes.php')
 3 SYSTEMPATH\CodeIgniter.php(406): CodeIgniter\CodeIgniter->tryToRouteIt(null)
 4 SYSTEMPATH\CodeIgniter.php(340): CodeIgniter\CodeIgniter->handleRequest(null, Object(Config\Cache), false)
 5 FCPATH\index.php(67): CodeIgniter\CodeIgniter->run()
 6 SYSTEMPATH\Commands\Server\rewrite.php(43): require_once('FCPATH\\index.php')
CRITICAL - 2022-09-12 08:48:59 --> Call to a member function get() on null
in ROOTPATH\Modules\Admin\Config\Routes.php on line 4.
 1 APPPATH\Config\Routes.php(70): require()
 2 SYSTEMPATH\CodeIgniter.php(769): require('APPPATH\\Config\\Routes.php')
 3 SYSTEMPATH\CodeIgniter.php(406): CodeIgniter\CodeIgniter->tryToRouteIt(null)
 4 SYSTEMPATH\CodeIgniter.php(340): CodeIgniter\CodeIgniter->handleRequest(null, Object(Config\Cache), false)
 5 FCPATH\index.php(67): CodeIgniter\CodeIgniter->run()
 6 SYSTEMPATH\Commands\Server\rewrite.php(43): require_once('FCPATH\\index.php')
CRITICAL - 2022-09-12 08:49:51 --> Call to a member function get() on null
in ROOTPATH\Modules\Admin\Config\Routes.php on line 4.
 1 APPPATH\Config\Routes.php(70): require()
 2 SYSTEMPATH\CodeIgniter.php(769): require('APPPATH\\Config\\Routes.php')
 3 SYSTEMPATH\CodeIgniter.php(406): CodeIgniter\CodeIgniter->tryToRouteIt(null)
 4 SYSTEMPATH\CodeIgniter.php(340): CodeIgniter\CodeIgniter->handleRequest(null, Object(Config\Cache), false)
 5 FCPATH\index.php(67): CodeIgniter\CodeIgniter->run()
 6 SYSTEMPATH\Commands\Server\rewrite.php(43): require_once('FCPATH\\index.php')
CRITICAL - 2022-09-12 08:49:52 --> Call to a member function get() on null
in ROOTPATH\Modules\Admin\Config\Routes.php on line 4.
 1 APPPATH\Config\Routes.php(70): require()
 2 SYSTEMPATH\CodeIgniter.php(769): require('APPPATH\\Config\\Routes.php')
 3 SYSTEMPATH\CodeIgniter.php(406): CodeIgniter\CodeIgniter->tryToRouteIt(null)
 4 SYSTEMPATH\CodeIgniter.php(340): CodeIgniter\CodeIgniter->handleRequest(null, Object(Config\Cache), false)
 5 FCPATH\index.php(67): CodeIgniter\CodeIgniter->run()
 6 SYSTEMPATH\Commands\Server\rewrite.php(43): require_once('FCPATH\\index.php')
CRITICAL - 2022-09-12 08:49:53 --> Call to a member function get() on null
in ROOTPATH\Modules\Admin\Config\Routes.php on line 4.
 1 APPPATH\Config\Routes.php(70): require()
 2 SYSTEMPATH\CodeIgniter.php(769): require('APPPATH\\Config\\Routes.php')
 3 SYSTEMPATH\CodeIgniter.php(406): CodeIgniter\CodeIgniter->tryToRouteIt(null)
 4 SYSTEMPATH\CodeIgniter.php(340): CodeIgniter\CodeIgniter->handleRequest(null, Object(Config\Cache), false)
 5 FCPATH\index.php(67): CodeIgniter\CodeIgniter->run()
 6 SYSTEMPATH\Commands\Server\rewrite.php(43): require_once('FCPATH\\index.php')
CRITICAL - 2022-09-12 08:49:53 --> Call to a member function get() on null
in ROOTPATH\Modules\Admin\Config\Routes.php on line 4.
 1 APPPATH\Config\Routes.php(70): require()
 2 SYSTEMPATH\CodeIgniter.php(769): require('APPPATH\\Config\\Routes.php')
 3 SYSTEMPATH\CodeIgniter.php(406): CodeIgniter\CodeIgniter->tryToRouteIt(null)
 4 SYSTEMPATH\CodeIgniter.php(340): CodeIgniter\CodeIgniter->handleRequest(null, Object(Config\Cache), false)
 5 FCPATH\index.php(67): CodeIgniter\CodeIgniter->run()
 6 SYSTEMPATH\Commands\Server\rewrite.php(43): require_once('FCPATH\\index.php')
CRITICAL - 2022-09-12 08:49:53 --> Call to a member function get() on null
in ROOTPATH\Modules\Admin\Config\Routes.php on line 4.
 1 APPPATH\Config\Routes.php(70): require()
 2 SYSTEMPATH\CodeIgniter.php(769): require('APPPATH\\Config\\Routes.php')
 3 SYSTEMPATH\CodeIgniter.php(406): CodeIgniter\CodeIgniter->tryToRouteIt(null)
 4 SYSTEMPATH\CodeIgniter.php(340): CodeIgniter\CodeIgniter->handleRequest(null, Object(Config\Cache), false)
 5 FCPATH\index.php(67): CodeIgniter\CodeIgniter->run()
 6 SYSTEMPATH\Commands\Server\rewrite.php(43): require_once('FCPATH\\index.php')
CRITICAL - 2022-09-12 08:49:55 --> Call to a member function get() on null
in ROOTPATH\Modules\Admin\Config\Routes.php on line 4.
 1 APPPATH\Config\Routes.php(70): require()
 2 SYSTEMPATH\CodeIgniter.php(769): require('APPPATH\\Config\\Routes.php')
 3 SYSTEMPATH\CodeIgniter.php(406): CodeIgniter\CodeIgniter->tryToRouteIt(null)
 4 SYSTEMPATH\CodeIgniter.php(340): CodeIgniter\CodeIgniter->handleRequest(null, Object(Config\Cache), false)
 5 FCPATH\index.php(67): CodeIgniter\CodeIgniter->run()
 6 SYSTEMPATH\Commands\Server\rewrite.php(43): require_once('FCPATH\\index.php')
CRITICAL - 2022-09-12 08:49:57 --> Call to a member function get() on null
in ROOTPATH\Modules\Admin\Config\Routes.php on line 4.
 1 APPPATH\Config\Routes.php(70): require()
 2 SYSTEMPATH\CodeIgniter.php(769): require('APPPATH\\Config\\Routes.php')
 3 SYSTEMPATH\CodeIgniter.php(406): CodeIgniter\CodeIgniter->tryToRouteIt(null)
 4 SYSTEMPATH\CodeIgniter.php(340): CodeIgniter\CodeIgniter->handleRequest(null, Object(Config\Cache), false)
 5 FCPATH\index.php(67): CodeIgniter\CodeIgniter->run()
 6 SYSTEMPATH\Commands\Server\rewrite.php(43): require_once('FCPATH\\index.php')
CRITICAL - 2022-09-12 08:50:33 --> Call to a member function get() on null
in ROOTPATH\Modules\Admin\Config\Routes.php on line 4.
 1 APPPATH\Config\Routes.php(70): require()
 2 SYSTEMPATH\CodeIgniter.php(769): require('APPPATH\\Config\\Routes.php')
 3 SYSTEMPATH\CodeIgniter.php(406): CodeIgniter\CodeIgniter->tryToRouteIt(null)
 4 SYSTEMPATH\CodeIgniter.php(340): CodeIgniter\CodeIgniter->handleRequest(null, Object(Config\Cache), false)
 5 FCPATH\index.php(67): CodeIgniter\CodeIgniter->run()
 6 SYSTEMPATH\Commands\Server\rewrite.php(43): require_once('FCPATH\\index.php')
CRITICAL - 2022-09-12 08:51:50 --> Call to a member function get() on null
in ROOTPATH\Modules\Admin\Config\Routes.php on line 4.
 1 APPPATH\Config\Routes.php(70): require()
 2 SYSTEMPATH\CodeIgniter.php(769): require('APPPATH\\Config\\Routes.php')
 3 SYSTEMPATH\CodeIgniter.php(406): CodeIgniter\CodeIgniter->tryToRouteIt(null)
 4 SYSTEMPATH\CodeIgniter.php(340): CodeIgniter\CodeIgniter->handleRequest(null, Object(Config\Cache), false)
 5 FCPATH\index.php(67): CodeIgniter\CodeIgniter->run()
 6 SYSTEMPATH\Commands\Server\rewrite.php(43): require_once('FCPATH\\index.php')
CRITICAL - 2022-09-12 08:51:54 --> Call to a member function get() on null
in ROOTPATH\Modules\Admin\Config\Routes.php on line 4.
 1 APPPATH\Config\Routes.php(70): require()
 2 SYSTEMPATH\CodeIgniter.php(769): require('APPPATH\\Config\\Routes.php')
 3 SYSTEMPATH\CodeIgniter.php(406): CodeIgniter\CodeIgniter->tryToRouteIt(null)
 4 SYSTEMPATH\CodeIgniter.php(340): CodeIgniter\CodeIgniter->handleRequest(null, Object(Config\Cache), false)
 5 FCPATH\index.php(67): CodeIgniter\CodeIgniter->run()
 6 SYSTEMPATH\Commands\Server\rewrite.php(43): require_once('FCPATH\\index.php')
